<?xml version="1.0" encoding="UTF-8"?>
<!-- Generated by org.testng.reporters.JUnitReportReporter -->
<testsuite hostname="Madhu" failures="0" tests="1" name="RestAssured.Http_Requests" time="3.997" errors="0" timestamp="2025-02-04T22:31:35 IST" skipped="0">
  <testcase classname="RestAssured.Http_Requests" name="request" time="3.997"/>
  <system-out/>
</testsuite> <!-- RestAssured.Http_Requests -->
