<?xml version="1.0" encoding="UTF-8"?>
<!-- Generated by org.testng.reporters.JUnitReportReporter -->
<testsuite hostname="Madhu" failures="0" tests="1" name="RestAssured.Sample" time="3.808" errors="0" timestamp="2025-02-14T15:46:55 IST" skipped="0">
  <testcase classname="RestAssured.Sample" name="get" time="3.808"/>
  <system-out/>
</testsuite> <!-- RestAssured.Sample -->
